<?xml version="1.0" encoding="UTF-8" standalone="no"?>
<!DOCTYPE log SYSTEM "logger.dtd">
<log>
<record>
  <date>2018-11-05T11:43:35</date>
  <millis>1541400215454</millis>
  <sequence>0</sequence>
  <level>START</level>
  <class>com.kms.katalon.core.logging.KeywordLogger</class>
  <method>startSuite</method>
  <thread>1</thread>
  <message>Start Test Suite : Test Suites/Smoke_TF_Customer</message>
  <nestedLevel>0</nestedLevel>
  <property name="name">Smoke_TF_Customer</property>
  <property name="description"></property>
  <property name="id">Test Suites/Smoke_TF_Customer</property>
</record>
<record>
  <date>2018-11-05T11:43:35</date>
  <millis>1541400215473</millis>
  <sequence>1</sequence>
  <level>RUN_DATA</level>
  <class>com.kms.katalon.core.logging.KeywordLogger</class>
  <method>logMessage</method>
  <thread>1</thread>
  <message>Logging run data &amp;apos;hostName&amp;apos; with value &amp;apos;Junaid.Tariq - Junaid.instepinc.com&amp;apos;</message>
  <nestedLevel>0</nestedLevel>
  <property name="hostName">Junaid.Tariq - Junaid.instepinc.com</property>
</record>
<record>
  <date>2018-11-05T11:43:35</date>
  <millis>1541400215474</millis>
  <sequence>2</sequence>
  <level>RUN_DATA</level>
  <class>com.kms.katalon.core.logging.KeywordLogger</class>
  <method>logMessage</method>
  <thread>1</thread>
  <message>Logging run data &amp;apos;os&amp;apos; with value &amp;apos;Windows 7 64bit&amp;apos;</message>
  <nestedLevel>0</nestedLevel>
  <property name="os">Windows 7 64bit</property>
</record>
<record>
  <date>2018-11-05T11:43:35</date>
  <millis>1541400215475</millis>
  <sequence>3</sequence>
  <level>RUN_DATA</level>
  <class>com.kms.katalon.core.logging.KeywordLogger</class>
  <method>logMessage</method>
  <thread>1</thread>
  <message>Logging run data &amp;apos;hostAddress&amp;apos; with value &amp;apos;200.199.80.62&amp;apos;</message>
  <nestedLevel>0</nestedLevel>
  <property name="hostAddress">200.199.80.62</property>
</record>
<record>
  <date>2018-11-05T11:43:35</date>
  <millis>1541400215475</millis>
  <sequence>4</sequence>
  <level>RUN_DATA</level>
  <class>com.kms.katalon.core.logging.KeywordLogger</class>
  <method>logMessage</method>
  <thread>1</thread>
  <message>Logging run data &amp;apos;katalonVersion&amp;apos; with value &amp;apos;5.8.5.1&amp;apos;</message>
  <nestedLevel>0</nestedLevel>
  <property name="katalonVersion">5.8.5.1</property>
</record>
<record>
  <date>2018-11-05T11:43:35</date>
  <millis>1541400215674</millis>
  <sequence>5</sequence>
  <level>START</level>
  <class>com.kms.katalon.core.logging.KeywordLogger</class>
  <method>startTest</method>
  <thread>1</thread>
  <message>Start Test Case : Test Cases/General_Login_Logout/Login</message>
  <nestedLevel>1</nestedLevel>
  <property name="name">Test Cases/General_Login_Logout/Login</property>
  <property name="description"></property>
  <property name="id">Test Cases/General_Login_Logout/Login</property>
  <property name="source">D:\\Katalon\\Projects\\Trade_Funds\\TF_Regression\\Test Cases\\General_Login_Logout\\Login.tc</property>
  <property name="isOptional">false</property>
</record>
<record>
  <date>2018-11-05T11:43:35</date>
  <millis>1541400215688</millis>
  <sequence>6</sequence>
  <level>INFO</level>
  <class>com.kms.katalon.core.logging.KeywordLogger</class>
  <method>logMessage</method>
  <thread>1</thread>
  <message>Evaluating variables for test case</message>
  <nestedLevel>1</nestedLevel>
</record>
<record>
  <date>2018-11-05T11:43:35</date>
  <millis>1541400215712</millis>
  <sequence>7</sequence>
  <level>INFO</level>
  <class>com.kms.katalon.core.logging.KeywordLogger</class>
  <method>logMessage</method>
  <thread>1</thread>
  <message>Variable &amp;apos;User&amp;apos; is set to junaid_sm as default</message>
  <nestedLevel>1</nestedLevel>
</record>
<record>
  <date>2018-11-05T11:43:35</date>
  <millis>1541400215717</millis>
  <sequence>8</sequence>
  <level>INFO</level>
  <class>com.kms.katalon.core.logging.KeywordLogger</class>
  <method>logMessage</method>
  <thread>1</thread>
  <message>Variable &amp;apos;Password&amp;apos; is set to str0ng_2 as default</message>
  <nestedLevel>1</nestedLevel>
</record>
<record>
  <date>2018-11-05T11:43:35</date>
  <millis>1541400215891</millis>
  <sequence>9</sequence>
  <level>START</level>
  <class>com.kms.katalon.core.logging.KeywordLogger</class>
  <method>startKeyword</method>
  <thread>1</thread>
  <message>Start action : tradeFunds.TF_Regression.LoginTFCustomer</message>
  <nestedLevel>1</nestedLevel>
  <property name="startLine">16</property>
  <property name="stepIndex">1</property>
</record>
<record>
  <date>2018-11-05T11:43:36</date>
  <millis>1541400216083</millis>
  <sequence>10</sequence>
  <level>INFO</level>
  <class>com.kms.katalon.core.logging.KeywordLogger</class>
  <method>logMessage</method>
  <thread>1</thread>
  <message>Opening browser</message>
  <nestedLevel>1</nestedLevel>
</record>
<record>
  <date>2018-11-05T11:43:36</date>
  <millis>1541400216087</millis>
  <sequence>11</sequence>
  <level>INFO</level>
  <class>com.kms.katalon.core.logging.KeywordLogger</class>
  <method>logMessage</method>
  <thread>1</thread>
  <message>Starting &amp;apos;Firefox&amp;apos; driver</message>
  <nestedLevel>1</nestedLevel>
</record>
<record>
  <date>2018-11-05T11:43:36</date>
  <millis>1541400216117</millis>
  <sequence>12</sequence>
  <level>INFO</level>
  <class>com.kms.katalon.core.logging.KeywordLogger</class>
  <method>logMessage</method>
  <thread>1</thread>
  <message>Action delay is set to 0 seconds</message>
  <nestedLevel>1</nestedLevel>
</record>
<record>
  <date>2018-11-05T11:43:43</date>
  <millis>1541400223449</millis>
  <sequence>14</sequence>
  <level>RUN_DATA</level>
  <class>com.kms.katalon.core.logging.KeywordLogger</class>
  <method>logMessage</method>
  <thread>1</thread>
  <message>Logging run data &amp;apos;sessionId&amp;apos; with value &amp;apos;11183e5a-e58b-4253-a087-f9e516660aba&amp;apos;</message>
  <nestedLevel>1</nestedLevel>
  <property name="sessionId">11183e5a-e58b-4253-a087-f9e516660aba</property>
</record>
<record>
  <date>2018-11-05T11:43:43</date>
  <millis>1541400223495</millis>
  <sequence>15</sequence>
  <level>RUN_DATA</level>
  <class>com.kms.katalon.core.logging.KeywordLogger</class>
  <method>logMessage</method>
  <thread>1</thread>
  <message>Logging run data &amp;apos;browser&amp;apos; with value &amp;apos;Firefox 59.0&amp;apos;</message>
  <nestedLevel>1</nestedLevel>
  <property name="browser">Firefox 59.0</property>
</record>
<record>
  <date>2018-11-05T11:43:43</date>
  <millis>1541400223496</millis>
  <sequence>16</sequence>
  <level>RUN_DATA</level>
  <class>com.kms.katalon.core.logging.KeywordLogger</class>
  <method>logMessage</method>
  <thread>1</thread>
  <message>Logging run data &amp;apos;platform&amp;apos; with value &amp;apos;Windows 7&amp;apos;</message>
  <nestedLevel>1</nestedLevel>
  <property name="platform">Windows 7</property>
</record>
<record>
  <date>2018-11-05T11:43:43</date>
  <millis>1541400223498</millis>
  <sequence>17</sequence>
  <level>RUN_DATA</level>
  <class>com.kms.katalon.core.logging.KeywordLogger</class>
  <method>logMessage</method>
  <thread>1</thread>
  <message>Logging run data &amp;apos;seleniumVersion&amp;apos; with value &amp;apos;3.7.1&amp;apos;</message>
  <nestedLevel>1</nestedLevel>
  <property name="seleniumVersion">3.7.1</property>
</record>
<record>
  <date>2018-11-05T11:43:43</date>
  <millis>1541400223499</millis>
  <sequence>18</sequence>
  <level>RUN_DATA</level>
  <class>com.kms.katalon.core.logging.KeywordLogger</class>
  <method>logMessage</method>
  <thread>1</thread>
  <message>Logging run data &amp;apos;proxyInformation&amp;apos; with value &amp;apos;ProxyInformation{proxyOption=NO_PROXY, proxyServerType=HTTP, password=, proxyServerAddress=, proxyServerPort=0}&amp;apos;</message>
  <nestedLevel>1</nestedLevel>
  <property name="proxyInformation">ProxyInformation{proxyOption=NO_PROXY, proxyServerType=HTTP, password=, proxyServerAddress=, proxyServerPort=0}</property>
</record>
<record>
  <date>2018-11-05T11:43:43</date>
  <millis>1541400223500</millis>
  <sequence>19</sequence>
  <level>PASSED</level>
  <class>com.kms.katalon.core.logging.KeywordLogger</class>
  <method>logMessage</method>
  <thread>1</thread>
  <message>Browser is opened with url: &amp;apos;&amp;apos;</message>
  <nestedLevel>1</nestedLevel>
</record>
<record>
  <date>2018-11-05T11:43:43</date>
  <millis>1541400223514</millis>
  <sequence>20</sequence>
  <level>INFO</level>
  <class>com.kms.katalon.core.logging.KeywordLogger</class>
  <method>logMessage</method>
  <thread>1</thread>
  <message>Checking timeout</message>
  <nestedLevel>1</nestedLevel>
</record>
<record>
  <date>2018-11-05T11:43:43</date>
  <millis>1541400223700</millis>
  <sequence>21</sequence>
  <level>PASSED</level>
  <class>com.kms.katalon.core.logging.KeywordLogger</class>
  <method>logMessage</method>
  <thread>1</thread>
  <message>Wait for page load successfully</message>
  <nestedLevel>1</nestedLevel>
</record>
<record>
  <date>2018-11-05T11:43:43</date>
  <millis>1541400223707</millis>
  <sequence>22</sequence>
  <level>INFO</level>
  <class>com.kms.katalon.core.logging.KeywordLogger</class>
  <method>logMessage</method>
  <thread>1</thread>
  <message>Maximizing current window</message>
  <nestedLevel>1</nestedLevel>
</record>
<record>
  <date>2018-11-05T11:43:43</date>
  <millis>1541400223758</millis>
  <sequence>23</sequence>
  <level>PASSED</level>
  <class>com.kms.katalon.core.logging.KeywordLogger</class>
  <method>logMessage</method>
  <thread>1</thread>
  <message>Current window maximized</message>
  <nestedLevel>1</nestedLevel>
</record>
<record>
  <date>2018-11-05T11:43:43</date>
  <millis>1541400223770</millis>
  <sequence>24</sequence>
  <level>INFO</level>
  <class>com.kms.katalon.core.logging.KeywordLogger</class>
  <method>logMessage</method>
  <thread>1</thread>
  <message>Checking url</message>
  <nestedLevel>1</nestedLevel>
</record>
<record>
  <date>2018-11-05T11:43:43</date>
  <millis>1541400223772</millis>
  <sequence>25</sequence>
  <level>INFO</level>
  <class>com.kms.katalon.core.logging.KeywordLogger</class>
  <method>logMessage</method>
  <thread>1</thread>
  <message>Navigating to &amp;apos;https://52.6.78.242:7008/e360/com.informatica.tools.mdm.web.auth/login&amp;apos;</message>
  <nestedLevel>1</nestedLevel>
</record>
<record>
  <date>2018-11-05T11:43:48</date>
  <millis>1541400228633</millis>
  <sequence>26</sequence>
  <level>PASSED</level>
  <class>com.kms.katalon.core.logging.KeywordLogger</class>
  <method>logMessage</method>
  <thread>1</thread>
  <message>Navigate to &amp;apos;https://52.6.78.242:7008/e360/com.informatica.tools.mdm.web.auth/login&amp;apos; successfully</message>
  <nestedLevel>1</nestedLevel>
</record>
<record>
  <date>2018-11-05T11:43:48</date>
  <millis>1541400228647</millis>
  <sequence>27</sequence>
  <level>INFO</level>
  <class>com.kms.katalon.core.logging.KeywordLogger</class>
  <method>logMessage</method>
  <thread>1</thread>
  <message>Finding Test Object with id &amp;apos;Object Repository/Page_ Login/Txt_Username&amp;apos;</message>
  <nestedLevel>1</nestedLevel>
</record>
<record>
  <date>2018-11-05T11:43:48</date>
  <millis>1541400228673</millis>
  <sequence>28</sequence>
  <level>INFO</level>
  <class>com.kms.katalon.core.logging.KeywordLogger</class>
  <method>logMessage</method>
  <thread>1</thread>
  <message>Checking object</message>
  <nestedLevel>1</nestedLevel>
</record>
<record>
  <date>2018-11-05T11:43:48</date>
  <millis>1541400228675</millis>
  <sequence>29</sequence>
  <level>INFO</level>
  <class>com.kms.katalon.core.logging.KeywordLogger</class>
  <method>logMessage</method>
  <thread>1</thread>
  <message>Checking text</message>
  <nestedLevel>1</nestedLevel>
</record>
<record>
  <date>2018-11-05T11:43:48</date>
  <millis>1541400228677</millis>
  <sequence>30</sequence>
  <level>INFO</level>
  <class>com.kms.katalon.core.logging.KeywordLogger</class>
  <method>logMessage</method>
  <thread>1</thread>
  <message>Checking timeout</message>
  <nestedLevel>1</nestedLevel>
</record>
<record>
  <date>2018-11-05T11:43:48</date>
  <millis>1541400228684</millis>
  <sequence>31</sequence>
  <level>INFO</level>
  <class>com.kms.katalon.core.logging.KeywordLogger</class>
  <method>logMessage</method>
  <thread>1</thread>
  <message>Finding web element with id: &amp;apos;Object Repository/Page_ Login/Txt_Username&amp;apos; located by &amp;apos;By.xpath: //*[@id=\&amp;quot;ifrm1_user\&amp;quot;]/input&amp;apos; in &amp;apos;30&amp;apos; second(s)</message>
  <nestedLevel>1</nestedLevel>
</record>
<record>
  <date>2018-11-05T11:43:48</date>
  <millis>1541400228694</millis>
  <sequence>32</sequence>
  <level>INFO</level>
  <class>com.kms.katalon.core.logging.KeywordLogger</class>
  <method>logMessage</method>
  <thread>1</thread>
  <message>Found 1 web elements with id: &amp;apos;Object Repository/Page_ Login/Txt_Username&amp;apos; located by &amp;apos;By.xpath: //*[@id=\&amp;quot;ifrm1_user\&amp;quot;]/input&amp;apos; in &amp;apos;30&amp;apos; second(s)</message>
  <nestedLevel>1</nestedLevel>
</record>
<record>
  <date>2018-11-05T11:43:48</date>
  <millis>1541400228695</millis>
  <sequence>33</sequence>
  <level>INFO</level>
  <class>com.kms.katalon.core.logging.KeywordLogger</class>
  <method>logMessage</method>
  <thread>1</thread>
  <message>Clearing text of object &amp;apos;Object Repository/Page_ Login/Txt_Username&amp;apos;</message>
  <nestedLevel>1</nestedLevel>
</record>
<record>
  <date>2018-11-05T11:43:48</date>
  <millis>1541400228703</millis>
  <sequence>34</sequence>
  <level>INFO</level>
  <class>com.kms.katalon.core.logging.KeywordLogger</class>
  <method>logMessage</method>
  <thread>1</thread>
  <message>Checking timeout</message>
  <nestedLevel>1</nestedLevel>
</record>
<record>
  <date>2018-11-05T11:43:48</date>
  <millis>1541400228703</millis>
  <sequence>35</sequence>
  <level>INFO</level>
  <class>com.kms.katalon.core.logging.KeywordLogger</class>
  <method>logMessage</method>
  <thread>1</thread>
  <message>Finding web element with id: &amp;apos;Object Repository/Page_ Login/Txt_Username&amp;apos; located by &amp;apos;By.xpath: //*[@id=\&amp;quot;ifrm1_user\&amp;quot;]/input&amp;apos; in &amp;apos;30&amp;apos; second(s)</message>
  <nestedLevel>1</nestedLevel>
</record>
<record>
  <date>2018-11-05T11:43:48</date>
  <millis>1541400228719</millis>
  <sequence>36</sequence>
  <level>INFO</level>
  <class>com.kms.katalon.core.logging.KeywordLogger</class>
  <method>logMessage</method>
  <thread>1</thread>
  <message>Found 1 web elements with id: &amp;apos;Object Repository/Page_ Login/Txt_Username&amp;apos; located by &amp;apos;By.xpath: //*[@id=\&amp;quot;ifrm1_user\&amp;quot;]/input&amp;apos; in &amp;apos;30&amp;apos; second(s)</message>
  <nestedLevel>1</nestedLevel>
</record>
<record>
  <date>2018-11-05T11:43:48</date>
  <millis>1541400228726</millis>
  <sequence>37</sequence>
  <level>INFO</level>
  <class>com.kms.katalon.core.logging.KeywordLogger</class>
  <method>logMessage</method>
  <thread>1</thread>
  <message>Setting text of object &amp;apos;Object Repository/Page_ Login/Txt_Username&amp;apos; to value &amp;apos;junaid_sm&amp;apos;</message>
  <nestedLevel>1</nestedLevel>
</record>
<record>
  <date>2018-11-05T11:43:48</date>
  <millis>1541400228752</millis>
  <sequence>38</sequence>
  <level>PASSED</level>
  <class>com.kms.katalon.core.logging.KeywordLogger</class>
  <method>logMessage</method>
  <thread>1</thread>
  <message>Text &amp;apos;junaid_sm&amp;apos; is set on object &amp;apos;Object Repository/Page_ Login/Txt_Username&amp;apos;</message>
  <nestedLevel>1</nestedLevel>
</record>
<record>
  <date>2018-11-05T11:43:48</date>
  <millis>1541400228753</millis>
  <sequence>39</sequence>
  <level>INFO</level>
  <class>com.kms.katalon.core.logging.KeywordLogger</class>
  <method>logMessage</method>
  <thread>1</thread>
  <message>Finding Test Object with id &amp;apos;Object Repository/Page_ Login/Txt_Password&amp;apos;</message>
  <nestedLevel>1</nestedLevel>
</record>
<record>
  <date>2018-11-05T11:43:48</date>
  <millis>1541400228756</millis>
  <sequence>40</sequence>
  <level>INFO</level>
  <class>com.kms.katalon.core.logging.KeywordLogger</class>
  <method>logMessage</method>
  <thread>1</thread>
  <message>Checking object</message>
  <nestedLevel>1</nestedLevel>
</record>
<record>
  <date>2018-11-05T11:43:48</date>
  <millis>1541400228757</millis>
  <sequence>41</sequence>
  <level>INFO</level>
  <class>com.kms.katalon.core.logging.KeywordLogger</class>
  <method>logMessage</method>
  <thread>1</thread>
  <message>Checking text</message>
  <nestedLevel>1</nestedLevel>
</record>
<record>
  <date>2018-11-05T11:43:48</date>
  <millis>1541400228757</millis>
  <sequence>42</sequence>
  <level>INFO</level>
  <class>com.kms.katalon.core.logging.KeywordLogger</class>
  <method>logMessage</method>
  <thread>1</thread>
  <message>Checking timeout</message>
  <nestedLevel>1</nestedLevel>
</record>
<record>
  <date>2018-11-05T11:43:48</date>
  <millis>1541400228758</millis>
  <sequence>43</sequence>
  <level>INFO</level>
  <class>com.kms.katalon.core.logging.KeywordLogger</class>
  <method>logMessage</method>
  <thread>1</thread>
  <message>Finding web element with id: &amp;apos;Object Repository/Page_ Login/Txt_Password&amp;apos; located by &amp;apos;By.xpath: //*[@id=\&amp;quot;ifrm1_password\&amp;quot;]/input&amp;apos; in &amp;apos;30&amp;apos; second(s)</message>
  <nestedLevel>1</nestedLevel>
</record>
<record>
  <date>2018-11-05T11:43:48</date>
  <millis>1541400228770</millis>
  <sequence>44</sequence>
  <level>INFO</level>
  <class>com.kms.katalon.core.logging.KeywordLogger</class>
  <method>logMessage</method>
  <thread>1</thread>
  <message>Found 1 web elements with id: &amp;apos;Object Repository/Page_ Login/Txt_Password&amp;apos; located by &amp;apos;By.xpath: //*[@id=\&amp;quot;ifrm1_password\&amp;quot;]/input&amp;apos; in &amp;apos;30&amp;apos; second(s)</message>
  <nestedLevel>1</nestedLevel>
</record>
<record>
  <date>2018-11-05T11:43:48</date>
  <millis>1541400228770</millis>
  <sequence>45</sequence>
  <level>INFO</level>
  <class>com.kms.katalon.core.logging.KeywordLogger</class>
  <method>logMessage</method>
  <thread>1</thread>
  <message>Clearing text of object &amp;apos;Object Repository/Page_ Login/Txt_Password&amp;apos;</message>
  <nestedLevel>1</nestedLevel>
</record>
<record>
  <date>2018-11-05T11:43:48</date>
  <millis>1541400228776</millis>
  <sequence>46</sequence>
  <level>INFO</level>
  <class>com.kms.katalon.core.logging.KeywordLogger</class>
  <method>logMessage</method>
  <thread>1</thread>
  <message>Checking timeout</message>
  <nestedLevel>1</nestedLevel>
</record>
<record>
  <date>2018-11-05T11:43:48</date>
  <millis>1541400228776</millis>
  <sequence>47</sequence>
  <level>INFO</level>
  <class>com.kms.katalon.core.logging.KeywordLogger</class>
  <method>logMessage</method>
  <thread>1</thread>
  <message>Finding web element with id: &amp;apos;Object Repository/Page_ Login/Txt_Password&amp;apos; located by &amp;apos;By.xpath: //*[@id=\&amp;quot;ifrm1_password\&amp;quot;]/input&amp;apos; in &amp;apos;30&amp;apos; second(s)</message>
  <nestedLevel>1</nestedLevel>
</record>
<record>
  <date>2018-11-05T11:43:48</date>
  <millis>1541400228782</millis>
  <sequence>48</sequence>
  <level>INFO</level>
  <class>com.kms.katalon.core.logging.KeywordLogger</class>
  <method>logMessage</method>
  <thread>1</thread>
  <message>Found 1 web elements with id: &amp;apos;Object Repository/Page_ Login/Txt_Password&amp;apos; located by &amp;apos;By.xpath: //*[@id=\&amp;quot;ifrm1_password\&amp;quot;]/input&amp;apos; in &amp;apos;30&amp;apos; second(s)</message>
  <nestedLevel>1</nestedLevel>
</record>
<record>
  <date>2018-11-05T11:43:48</date>
  <millis>1541400228782</millis>
  <sequence>49</sequence>
  <level>INFO</level>
  <class>com.kms.katalon.core.logging.KeywordLogger</class>
  <method>logMessage</method>
  <thread>1</thread>
  <message>Setting text of object &amp;apos;Object Repository/Page_ Login/Txt_Password&amp;apos; to value &amp;apos;str0ng_2&amp;apos;</message>
  <nestedLevel>1</nestedLevel>
</record>
<record>
  <date>2018-11-05T11:43:48</date>
  <millis>1541400228801</millis>
  <sequence>50</sequence>
  <level>PASSED</level>
  <class>com.kms.katalon.core.logging.KeywordLogger</class>
  <method>logMessage</method>
  <thread>1</thread>
  <message>Text &amp;apos;str0ng_2&amp;apos; is set on object &amp;apos;Object Repository/Page_ Login/Txt_Password&amp;apos;</message>
  <nestedLevel>1</nestedLevel>
</record>
<record>
  <date>2018-11-05T11:43:48</date>
  <millis>1541400228801</millis>
  <sequence>51</sequence>
  <level>INFO</level>
  <class>com.kms.katalon.core.logging.KeywordLogger</class>
  <method>logMessage</method>
  <thread>1</thread>
  <message>Finding Test Object with id &amp;apos;Object Repository/Page_ Login/Btn_Login&amp;apos;</message>
  <nestedLevel>1</nestedLevel>
</record>
<record>
  <date>2018-11-05T11:43:48</date>
  <millis>1541400228809</millis>
  <sequence>52</sequence>
  <level>INFO</level>
  <class>com.kms.katalon.core.logging.KeywordLogger</class>
  <method>logMessage</method>
  <thread>1</thread>
  <message>Checking object</message>
  <nestedLevel>1</nestedLevel>
</record>
<record>
  <date>2018-11-05T11:43:48</date>
  <millis>1541400228809</millis>
  <sequence>53</sequence>
  <level>INFO</level>
  <class>com.kms.katalon.core.logging.KeywordLogger</class>
  <method>logMessage</method>
  <thread>1</thread>
  <message>Checking timeout</message>
  <nestedLevel>1</nestedLevel>
</record>
<record>
  <date>2018-11-05T11:43:48</date>
  <millis>1541400228811</millis>
  <sequence>54</sequence>
  <level>INFO</level>
  <class>com.kms.katalon.core.logging.KeywordLogger</class>
  <method>logMessage</method>
  <thread>1</thread>
  <message>Finding web element with id: &amp;apos;Object Repository/Page_ Login/Btn_Login&amp;apos; located by &amp;apos;By.xpath: //*[@id = &amp;apos;infaButton1&amp;apos;]&amp;apos; in &amp;apos;30&amp;apos; second(s)</message>
  <nestedLevel>1</nestedLevel>
</record>
<record>
  <date>2018-11-05T11:43:48</date>
  <millis>1541400228817</millis>
  <sequence>55</sequence>
  <level>INFO</level>
  <class>com.kms.katalon.core.logging.KeywordLogger</class>
  <method>logMessage</method>
  <thread>1</thread>
  <message>Found 1 web elements with id: &amp;apos;Object Repository/Page_ Login/Btn_Login&amp;apos; located by &amp;apos;By.xpath: //*[@id = &amp;apos;infaButton1&amp;apos;]&amp;apos; in &amp;apos;30&amp;apos; second(s)</message>
  <nestedLevel>1</nestedLevel>
</record>
<record>
  <date>2018-11-05T11:43:48</date>
  <millis>1541400228818</millis>
  <sequence>56</sequence>
  <level>INFO</level>
  <class>com.kms.katalon.core.logging.KeywordLogger</class>
  <method>logMessage</method>
  <thread>1</thread>
  <message>Clicking on object: &amp;apos;Object Repository/Page_ Login/Btn_Login&amp;apos;</message>
  <nestedLevel>1</nestedLevel>
</record>
<record>
  <date>2018-11-05T11:43:49</date>
  <millis>1541400229037</millis>
  <sequence>57</sequence>
  <level>PASSED</level>
  <class>com.kms.katalon.core.logging.KeywordLogger</class>
  <method>logMessage</method>
  <thread>1</thread>
  <message>Object: &amp;apos;Object Repository/Page_ Login/Btn_Login&amp;apos; is clicked on</message>
  <nestedLevel>1</nestedLevel>
</record>
<record>
  <date>2018-11-05T11:43:49</date>
  <millis>1541400229038</millis>
  <sequence>58</sequence>
  <level>INFO</level>
  <class>com.kms.katalon.core.logging.KeywordLogger</class>
  <method>logMessage</method>
  <thread>1</thread>
  <message>Checking timeout</message>
  <nestedLevel>1</nestedLevel>
</record>
<record>
  <date>2018-11-05T11:43:49</date>
  <millis>1541400229051</millis>
  <sequence>59</sequence>
  <level>PASSED</level>
  <class>com.kms.katalon.core.logging.KeywordLogger</class>
  <method>logMessage</method>
  <thread>1</thread>
  <message>Wait for page load successfully</message>
  <nestedLevel>1</nestedLevel>
</record>
<record>
  <date>2018-11-05T11:43:49</date>
  <millis>1541400229051</millis>
  <sequence>60</sequence>
  <level>INFO</level>
  <class>com.kms.katalon.core.logging.KeywordLogger</class>
  <method>logMessage</method>
  <thread>1</thread>
  <message>Finding Test Object with id &amp;apos;Object Repository/Page_ Login/Project_Selection/div_Trade Funds Customer&amp;apos;</message>
  <nestedLevel>1</nestedLevel>
</record>
<record>
  <date>2018-11-05T11:43:49</date>
  <millis>1541400229056</millis>
  <sequence>61</sequence>
  <level>INFO</level>
  <class>com.kms.katalon.core.logging.KeywordLogger</class>
  <method>logMessage</method>
  <thread>1</thread>
  <message>Checking object</message>
  <nestedLevel>1</nestedLevel>
</record>
<record>
  <date>2018-11-05T11:43:49</date>
  <millis>1541400229057</millis>
  <sequence>62</sequence>
  <level>INFO</level>
  <class>com.kms.katalon.core.logging.KeywordLogger</class>
  <method>logMessage</method>
  <thread>1</thread>
  <message>Checking timeout</message>
  <nestedLevel>1</nestedLevel>
</record>
<record>
  <date>2018-11-05T11:43:49</date>
  <millis>1541400229057</millis>
  <sequence>63</sequence>
  <level>INFO</level>
  <class>com.kms.katalon.core.logging.KeywordLogger</class>
  <method>logMessage</method>
  <thread>1</thread>
  <message>Finding web element with id: &amp;apos;Object Repository/Page_ Login/Project_Selection/div_Trade Funds Customer&amp;apos; located by &amp;apos;By.xpath: //div[(text() = &amp;apos;\n                    Trade Funds Customer\n                &amp;apos; or . = &amp;apos;\n                    Trade Funds Customer\n                &amp;apos;)]&amp;apos; in &amp;apos;30&amp;apos; second(s)</message>
  <nestedLevel>1</nestedLevel>
</record>
<record>
  <date>2018-11-05T11:43:57</date>
  <millis>1541400237747</millis>
  <sequence>64</sequence>
  <level>INFO</level>
  <class>com.kms.katalon.core.logging.KeywordLogger</class>
  <method>logMessage</method>
  <thread>1</thread>
  <message>Found 1 web elements with id: &amp;apos;Object Repository/Page_ Login/Project_Selection/div_Trade Funds Customer&amp;apos; located by &amp;apos;By.xpath: //div[(text() = &amp;apos;\n                    Trade Funds Customer\n                &amp;apos; or . = &amp;apos;\n                    Trade Funds Customer\n                &amp;apos;)]&amp;apos; in &amp;apos;30&amp;apos; second(s)</message>
  <nestedLevel>1</nestedLevel>
</record>
<record>
  <date>2018-11-05T11:43:57</date>
  <millis>1541400237749</millis>
  <sequence>65</sequence>
  <level>INFO</level>
  <class>com.kms.katalon.core.logging.KeywordLogger</class>
  <method>logMessage</method>
  <thread>1</thread>
  <message>Clicking on object: &amp;apos;Object Repository/Page_ Login/Project_Selection/div_Trade Funds Customer&amp;apos;</message>
  <nestedLevel>1</nestedLevel>
</record>
<record>
  <date>2018-11-05T11:43:57</date>
  <millis>1541400237986</millis>
  <sequence>66</sequence>
  <level>PASSED</level>
  <class>com.kms.katalon.core.logging.KeywordLogger</class>
  <method>logMessage</method>
  <thread>1</thread>
  <message>Object: &amp;apos;Object Repository/Page_ Login/Project_Selection/div_Trade Funds Customer&amp;apos; is clicked on</message>
  <nestedLevel>1</nestedLevel>
</record>
<record>
  <date>2018-11-05T11:43:58</date>
  <millis>1541400238015</millis>
  <sequence>67</sequence>
  <level>INFO</level>
  <class>com.kms.katalon.core.logging.KeywordLogger</class>
  <method>logMessage</method>
  <thread>1</thread>
  <message>Delaying browser in 1 second(s)</message>
  <nestedLevel>1</nestedLevel>
</record>
<record>
  <date>2018-11-05T11:43:59</date>
  <millis>1541400239016</millis>
  <sequence>68</sequence>
  <level>PASSED</level>
  <class>com.kms.katalon.core.logging.KeywordLogger</class>
  <method>logMessage</method>
  <thread>1</thread>
  <message>Delayed 1 second(s)</message>
  <nestedLevel>1</nestedLevel>
</record>
<record>
  <date>2018-11-05T11:43:59</date>
  <millis>1541400239018</millis>
  <sequence>69</sequence>
  <level>PASSED</level>
  <class>com.kms.katalon.core.logging.KeywordLogger</class>
  <method>logMessage</method>
  <thread>1</thread>
  <message>tradeFunds.TF_Regression.LoginTFCustomer is PASSED</message>
  <nestedLevel>1</nestedLevel>
</record>
<record>
  <date>2018-11-05T11:43:59</date>
  <millis>1541400239019</millis>
  <sequence>70</sequence>
  <level>END</level>
  <class>com.kms.katalon.core.logging.KeywordLogger</class>
  <method>endKeyword</method>
  <thread>1</thread>
  <message>End action : tradeFunds.TF_Regression.LoginTFCustomer</message>
  <nestedLevel>1</nestedLevel>
</record>
<record>
  <date>2018-11-05T11:43:59</date>
  <millis>1541400239020</millis>
  <sequence>71</sequence>
  <level>PASSED</level>
  <class>com.kms.katalon.core.logging.KeywordLogger</class>
  <method>logMessage</method>
  <thread>1</thread>
  <message>Test Cases/General_Login_Logout/Login</message>
  <nestedLevel>1</nestedLevel>
</record>
<record>
  <date>2018-11-05T11:43:59</date>
  <millis>1541400239021</millis>
  <sequence>72</sequence>
  <level>END</level>
  <class>com.kms.katalon.core.logging.KeywordLogger</class>
  <method>endTest</method>
  <thread>1</thread>
  <message>End Test Case : Test Cases/General_Login_Logout/Login</message>
  <nestedLevel>0</nestedLevel>
</record>
<record>
  <date>2018-11-05T11:43:59</date>
  <millis>1541400239028</millis>
  <sequence>73</sequence>
  <level>START</level>
  <class>com.kms.katalon.core.logging.KeywordLogger</class>
  <method>startTest</method>
  <thread>1</thread>
  <message>Start Test Case : Test Cases/Regression_TF_Customer/TC_1_Create_Banner</message>
  <nestedLevel>1</nestedLevel>
  <property name="name">Test Cases/Regression_TF_Customer/TC_1_Create_Banner</property>
  <property name="description"></property>
  <property name="id">Test Cases/Regression_TF_Customer/TC_1_Create_Banner</property>
  <property name="source">D:\\Katalon\\Projects\\Trade_Funds\\TF_Regression\\Test Cases\\Regression_TF_Customer\\TC_1_Create_Banner.tc</property>
  <property name="isOptional">false</property>
</record>
<record>
  <date>2018-11-05T11:43:59</date>
  <millis>1541400239071</millis>
  <sequence>74</sequence>
  <level>INFO</level>
  <class>com.kms.katalon.core.logging.KeywordLogger</class>
  <method>logMessage</method>
  <thread>1</thread>
  <message>Evaluating variables for test case</message>
  <nestedLevel>1</nestedLevel>
</record>
<record>
  <date>2018-11-05T11:43:59</date>
  <millis>1541400239080</millis>
  <sequence>75</sequence>
  <level>INFO</level>
  <class>com.kms.katalon.core.logging.KeywordLogger</class>
  <method>logMessage</method>
  <thread>1</thread>
  <message>Variable &amp;apos;MTCH_Banner_Name&amp;apos; is set to Banner_Test_36 as default</message>
  <nestedLevel>1</nestedLevel>
</record>
<record>
  <date>2018-11-05T11:43:59</date>
  <millis>1541400239201</millis>
  <sequence>76</sequence>
  <level>START</level>
  <class>com.kms.katalon.core.logging.KeywordLogger</class>
  <method>startKeyword</method>
  <thread>1</thread>
  <message>Start action : waitForPageLoad</message>
  <nestedLevel>1</nestedLevel>
  <property name="startLine">23</property>
  <property name="stepIndex">1</property>
</record>
<record>
  <date>2018-11-05T11:43:59</date>
  <millis>1541400239217</millis>
  <sequence>77</sequence>
  <level>INFO</level>
  <class>com.kms.katalon.core.logging.KeywordLogger</class>
  <method>logMessage</method>
  <thread>1</thread>
  <message>Checking timeout</message>
  <nestedLevel>1</nestedLevel>
</record>
<record>
  <date>2018-11-05T11:43:59</date>
  <millis>1541400239225</millis>
  <sequence>78</sequence>
  <level>PASSED</level>
  <class>com.kms.katalon.core.logging.KeywordLogger</class>
  <method>logMessage</method>
  <thread>1</thread>
  <message>Wait for page load successfully</message>
  <nestedLevel>1</nestedLevel>
</record>
<record>
  <date>2018-11-05T11:43:59</date>
  <millis>1541400239225</millis>
  <sequence>79</sequence>
  <level>END</level>
  <class>com.kms.katalon.core.logging.KeywordLogger</class>
  <method>endKeyword</method>
  <thread>1</thread>
  <message>End action : waitForPageLoad</message>
  <nestedLevel>1</nestedLevel>
</record>
<record>
  <date>2018-11-05T11:43:59</date>
  <millis>1541400239226</millis>
  <sequence>80</sequence>
  <level>START</level>
  <class>com.kms.katalon.core.logging.KeywordLogger</class>
  <method>startKeyword</method>
  <thread>1</thread>
  <message>Start action : mouseOver</message>
  <nestedLevel>1</nestedLevel>
  <property name="startLine">25</property>
  <property name="stepIndex">2</property>
</record>
<record>
  <date>2018-11-05T11:43:59</date>
  <millis>1541400239226</millis>
  <sequence>81</sequence>
  <level>INFO</level>
  <class>com.kms.katalon.core.logging.KeywordLogger</class>
  <method>logMessage</method>
  <thread>1</thread>
  <message>Finding Test Object with id &amp;apos;Object Repository/TF_Customer_Create/Menu_Navigation_To_Open_All_Pages/0_Menu_Create_In_Data_View&amp;apos;</message>
  <nestedLevel>1</nestedLevel>
</record>
<record>
  <date>2018-11-05T11:43:59</date>
  <millis>1541400239233</millis>
  <sequence>82</sequence>
  <level>INFO</level>
  <class>com.kms.katalon.core.logging.KeywordLogger</class>
  <method>logMessage</method>
  <thread>1</thread>
  <message>Checking object</message>
  <nestedLevel>1</nestedLevel>
</record>
<record>
  <date>2018-11-05T11:43:59</date>
  <millis>1541400239233</millis>
  <sequence>83</sequence>
  <level>INFO</level>
  <class>com.kms.katalon.core.logging.KeywordLogger</class>
  <method>logMessage</method>
  <thread>1</thread>
  <message>Checking timeout</message>
  <nestedLevel>1</nestedLevel>
</record>
<record>
  <date>2018-11-05T11:43:59</date>
  <millis>1541400239234</millis>
  <sequence>84</sequence>
  <level>INFO</level>
  <class>com.kms.katalon.core.logging.KeywordLogger</class>
  <method>logMessage</method>
  <thread>1</thread>
  <message>Finding web element with id: &amp;apos;Object Repository/TF_Customer_Create/Menu_Navigation_To_Open_All_Pages/0_Menu_Create_In_Data_View&amp;apos; located by &amp;apos;By.xpath: //div[@id=&amp;apos;infaMenu1&amp;apos;]//td[@menu=&amp;apos;infaMenu1_0&amp;apos; and contains(text(),&amp;apos;Create in Data View&amp;apos;)]//img[@class=&amp;apos;imgHeaderLine&amp;apos;]&amp;apos; in &amp;apos;30&amp;apos; second(s)</message>
  <nestedLevel>1</nestedLevel>
</record>
<record>
  <date>2018-11-05T11:43:59</date>
  <millis>1541400239239</millis>
  <sequence>85</sequence>
  <level>INFO</level>
  <class>com.kms.katalon.core.logging.KeywordLogger</class>
  <method>logMessage</method>
  <thread>1</thread>
  <message>Found 1 web elements with id: &amp;apos;Object Repository/TF_Customer_Create/Menu_Navigation_To_Open_All_Pages/0_Menu_Create_In_Data_View&amp;apos; located by &amp;apos;By.xpath: //div[@id=&amp;apos;infaMenu1&amp;apos;]//td[@menu=&amp;apos;infaMenu1_0&amp;apos; and contains(text(),&amp;apos;Create in Data View&amp;apos;)]//img[@class=&amp;apos;imgHeaderLine&amp;apos;]&amp;apos; in &amp;apos;30&amp;apos; second(s)</message>
  <nestedLevel>1</nestedLevel>
</record>
<record>
  <date>2018-11-05T11:43:59</date>
  <millis>1541400239240</millis>
  <sequence>86</sequence>
  <level>INFO</level>
  <class>com.kms.katalon.core.logging.KeywordLogger</class>
  <method>logMessage</method>
  <thread>1</thread>
  <message>Moving mouse over object: &amp;apos;Object Repository/TF_Customer_Create/Menu_Navigation_To_Open_All_Pages/0_Menu_Create_In_Data_View&amp;apos;</message>
  <nestedLevel>1</nestedLevel>
</record>
<record>
  <date>2018-11-05T11:43:59</date>
  <millis>1541400239351</millis>
  <sequence>87</sequence>
  <level>PASSED</level>
  <class>com.kms.katalon.core.logging.KeywordLogger</class>
  <method>logMessage</method>
  <thread>1</thread>
  <message>Object: &amp;apos;Object Repository/TF_Customer_Create/Menu_Navigation_To_Open_All_Pages/0_Menu_Create_In_Data_View&amp;apos; is hovered</message>
  <nestedLevel>1</nestedLevel>
</record>
<record>
  <date>2018-11-05T11:43:59</date>
  <millis>1541400239351</millis>
  <sequence>88</sequence>
  <level>END</level>
  <class>com.kms.katalon.core.logging.KeywordLogger</class>
  <method>endKeyword</method>
  <thread>1</thread>
  <message>End action : mouseOver</message>
  <nestedLevel>1</nestedLevel>
</record>
<record>
  <date>2018-11-05T11:43:59</date>
  <millis>1541400239351</millis>
  <sequence>89</sequence>
  <level>START</level>
  <class>com.kms.katalon.core.logging.KeywordLogger</class>
  <method>startKeyword</method>
  <thread>1</thread>
  <message>Start action : waitForPageLoad</message>
  <nestedLevel>1</nestedLevel>
  <property name="startLine">27</property>
  <property name="stepIndex">3</property>
</record>
<record>
  <date>2018-11-05T11:43:59</date>
  <millis>1541400239352</millis>
  <sequence>90</sequence>
  <level>INFO</level>
  <class>com.kms.katalon.core.logging.KeywordLogger</class>
  <method>logMessage</method>
  <thread>1</thread>
  <message>Checking timeout</message>
  <nestedLevel>1</nestedLevel>
</record>
<record>
  <date>2018-11-05T11:43:59</date>
  <millis>1541400239356</millis>
  <sequence>91</sequence>
  <level>PASSED</level>
  <class>com.kms.katalon.core.logging.KeywordLogger</class>
  <method>logMessage</method>
  <thread>1</thread>
  <message>Wait for page load successfully</message>
  <nestedLevel>1</nestedLevel>
</record>
<record>
  <date>2018-11-05T11:43:59</date>
  <millis>1541400239357</millis>
  <sequence>92</sequence>
  <level>END</level>
  <class>com.kms.katalon.core.logging.KeywordLogger</class>
  <method>endKeyword</method>
  <thread>1</thread>
  <message>End action : waitForPageLoad</message>
  <nestedLevel>1</nestedLevel>
</record>
<record>
  <date>2018-11-05T11:43:59</date>
  <millis>1541400239357</millis>
  <sequence>93</sequence>
  <level>START</level>
  <class>com.kms.katalon.core.logging.KeywordLogger</class>
  <method>startKeyword</method>
  <thread>1</thread>
  <message>Start action : mouseOver</message>
  <nestedLevel>1</nestedLevel>
  <property name="startLine">29</property>
  <property name="stepIndex">4</property>
</record>
<record>
  <date>2018-11-05T11:43:59</date>
  <millis>1541400239358</millis>
  <sequence>94</sequence>
  <level>INFO</level>
  <class>com.kms.katalon.core.logging.KeywordLogger</class>
  <method>logMessage</method>
  <thread>1</thread>
  <message>Finding Test Object with id &amp;apos;Object Repository/TF_Customer_Create/Menu_Navigation_To_Open_All_Pages/1_Menu_Create_Master_Data&amp;apos;</message>
  <nestedLevel>1</nestedLevel>
</record>
<record>
  <date>2018-11-05T11:43:59</date>
  <millis>1541400239360</millis>
  <sequence>95</sequence>
  <level>INFO</level>
  <class>com.kms.katalon.core.logging.KeywordLogger</class>
  <method>logMessage</method>
  <thread>1</thread>
  <message>Checking object</message>
  <nestedLevel>1</nestedLevel>
</record>
<record>
  <date>2018-11-05T11:43:59</date>
  <millis>1541400239360</millis>
  <sequence>96</sequence>
  <level>INFO</level>
  <class>com.kms.katalon.core.logging.KeywordLogger</class>
  <method>logMessage</method>
  <thread>1</thread>
  <message>Checking timeout</message>
  <nestedLevel>1</nestedLevel>
</record>
<record>
  <date>2018-11-05T11:43:59</date>
  <millis>1541400239361</millis>
  <sequence>97</sequence>
  <level>INFO</level>
  <class>com.kms.katalon.core.logging.KeywordLogger</class>
  <method>logMessage</method>
  <thread>1</thread>
  <message>Finding web element with id: &amp;apos;Object Repository/TF_Customer_Create/Menu_Navigation_To_Open_All_Pages/1_Menu_Create_Master_Data&amp;apos; located by &amp;apos;By.xpath: //td[(text() = &amp;apos;Create Master Data&amp;apos; or . = &amp;apos;Create Master Data&amp;apos;)]&amp;apos; in &amp;apos;30&amp;apos; second(s)</message>
  <nestedLevel>1</nestedLevel>
</record>
<record>
  <date>2018-11-05T11:44:00</date>
  <millis>1541400240393</millis>
  <sequence>98</sequence>
  <level>INFO</level>
  <class>com.kms.katalon.core.logging.KeywordLogger</class>
  <method>logMessage</method>
  <thread>1</thread>
  <message>Found 1 web elements with id: &amp;apos;Object Repository/TF_Customer_Create/Menu_Navigation_To_Open_All_Pages/1_Menu_Create_Master_Data&amp;apos; located by &amp;apos;By.xpath: //td[(text() = &amp;apos;Create Master Data&amp;apos; or . = &amp;apos;Create Master Data&amp;apos;)]&amp;apos; in &amp;apos;30&amp;apos; second(s)</message>
  <nestedLevel>1</nestedLevel>
</record>
<record>
  <date>2018-11-05T11:44:00</date>
  <millis>1541400240394</millis>
  <sequence>99</sequence>
  <level>INFO</level>
  <class>com.kms.katalon.core.logging.KeywordLogger</class>
  <method>logMessage</method>
  <thread>1</thread>
  <message>Moving mouse over object: &amp;apos;Object Repository/TF_Customer_Create/Menu_Navigation_To_Open_All_Pages/1_Menu_Create_Master_Data&amp;apos;</message>
  <nestedLevel>1</nestedLevel>
</record>
<record>
  <date>2018-11-05T11:44:00</date>
  <millis>1541400240522</millis>
  <sequence>100</sequence>
  <level>PASSED</level>
  <class>com.kms.katalon.core.logging.KeywordLogger</class>
  <method>logMessage</method>
  <thread>1</thread>
  <message>Object: &amp;apos;Object Repository/TF_Customer_Create/Menu_Navigation_To_Open_All_Pages/1_Menu_Create_Master_Data&amp;apos; is hovered</message>
  <nestedLevel>1</nestedLevel>
</record>
<record>
  <date>2018-11-05T11:44:00</date>
  <millis>1541400240523</millis>
  <sequence>101</sequence>
  <level>END</level>
  <class>com.kms.katalon.core.logging.KeywordLogger</class>
  <method>endKeyword</method>
  <thread>1</thread>
  <message>End action : mouseOver</message>
  <nestedLevel>1</nestedLevel>
</record>
<record>
  <date>2018-11-05T11:44:00</date>
  <millis>1541400240524</millis>
  <sequence>102</sequence>
  <level>START</level>
  <class>com.kms.katalon.core.logging.KeywordLogger</class>
  <method>startKeyword</method>
  <thread>1</thread>
  <message>Start action : waitForPageLoad</message>
  <nestedLevel>1</nestedLevel>
  <property name="startLine">31</property>
  <property name="stepIndex">5</property>
</record>
<record>
  <date>2018-11-05T11:44:00</date>
  <millis>1541400240524</millis>
  <sequence>103</sequence>
  <level>INFO</level>
  <class>com.kms.katalon.core.logging.KeywordLogger</class>
  <method>logMessage</method>
  <thread>1</thread>
  <message>Checking timeout</message>
  <nestedLevel>1</nestedLevel>
</record>
<record>
  <date>2018-11-05T11:44:00</date>
  <millis>1541400240533</millis>
  <sequence>104</sequence>
  <level>PASSED</level>
  <class>com.kms.katalon.core.logging.KeywordLogger</class>
  <method>logMessage</method>
  <thread>1</thread>
  <message>Wait for page load successfully</message>
  <nestedLevel>1</nestedLevel>
</record>
<record>
  <date>2018-11-05T11:44:00</date>
  <millis>1541400240533</millis>
  <sequence>105</sequence>
  <level>END</level>
  <class>com.kms.katalon.core.logging.KeywordLogger</class>
  <method>endKeyword</method>
  <thread>1</thread>
  <message>End action : waitForPageLoad</message>
  <nestedLevel>1</nestedLevel>
</record>
<record>
  <date>2018-11-05T11:44:00</date>
  <millis>1541400240534</millis>
  <sequence>106</sequence>
  <level>START</level>
  <class>com.kms.katalon.core.logging.KeywordLogger</class>
  <method>startKeyword</method>
  <thread>1</thread>
  <message>Start action : click</message>
  <nestedLevel>1</nestedLevel>
  <property name="startLine">33</property>
  <property name="stepIndex">6</property>
</record>
<record>
  <date>2018-11-05T11:44:00</date>
  <millis>1541400240534</millis>
  <sequence>107</sequence>
  <level>INFO</level>
  <class>com.kms.katalon.core.logging.KeywordLogger</class>
  <method>logMessage</method>
  <thread>1</thread>
  <message>Finding Test Object with id &amp;apos;Object Repository/TF_Customer_Create/1_Menu_Banner&amp;apos;</message>
  <nestedLevel>1</nestedLevel>
</record>
<record>
  <date>2018-11-05T11:44:00</date>
  <millis>1541400240540</millis>
  <sequence>108</sequence>
  <level>INFO</level>
  <class>com.kms.katalon.core.logging.KeywordLogger</class>
  <method>logMessage</method>
  <thread>1</thread>
  <message>Checking object</message>
  <nestedLevel>1</nestedLevel>
</record>
<record>
  <date>2018-11-05T11:44:00</date>
  <millis>1541400240540</millis>
  <sequence>109</sequence>
  <level>INFO</level>
  <class>com.kms.katalon.core.logging.KeywordLogger</class>
  <method>logMessage</method>
  <thread>1</thread>
  <message>Checking timeout</message>
  <nestedLevel>1</nestedLevel>
</record>
<record>
  <date>2018-11-05T11:44:00</date>
  <millis>1541400240541</millis>
  <sequence>110</sequence>
  <level>INFO</level>
  <class>com.kms.katalon.core.logging.KeywordLogger</class>
  <method>logMessage</method>
  <thread>1</thread>
  <message>Finding web element with id: &amp;apos;Object Repository/TF_Customer_Create/1_Menu_Banner&amp;apos; located by &amp;apos;By.xpath: //td[(text() = &amp;apos;Banner&amp;apos; or . = &amp;apos;Banner&amp;apos;)]&amp;apos; in &amp;apos;30&amp;apos; second(s)</message>
  <nestedLevel>1</nestedLevel>
</record>
<record>
  <date>2018-11-05T11:44:01</date>
  <millis>1541400241061</millis>
  <sequence>111</sequence>
  <level>INFO</level>
  <class>com.kms.katalon.core.logging.KeywordLogger</class>
  <method>logMessage</method>
  <thread>1</thread>
  <message>Found 1 web elements with id: &amp;apos;Object Repository/TF_Customer_Create/1_Menu_Banner&amp;apos; located by &amp;apos;By.xpath: //td[(text() = &amp;apos;Banner&amp;apos; or . = &amp;apos;Banner&amp;apos;)]&amp;apos; in &amp;apos;30&amp;apos; second(s)</message>
  <nestedLevel>1</nestedLevel>
</record>
<record>
  <date>2018-11-05T11:44:01</date>
  <millis>1541400241062</millis>
  <sequence>112</sequence>
  <level>INFO</level>
  <class>com.kms.katalon.core.logging.KeywordLogger</class>
  <method>logMessage</method>
  <thread>1</thread>
  <message>Clicking on object: &amp;apos;Object Repository/TF_Customer_Create/1_Menu_Banner&amp;apos;</message>
  <nestedLevel>1</nestedLevel>
</record>
<record>
  <date>2018-11-05T11:44:01</date>
  <millis>1541400241300</millis>
  <sequence>113</sequence>
  <level>PASSED</level>
  <class>com.kms.katalon.core.logging.KeywordLogger</class>
  <method>logMessage</method>
  <thread>1</thread>
  <message>Object: &amp;apos;Object Repository/TF_Customer_Create/1_Menu_Banner&amp;apos; is clicked on</message>
  <nestedLevel>1</nestedLevel>
</record>
<record>
  <date>2018-11-05T11:44:01</date>
  <millis>1541400241301</millis>
  <sequence>114</sequence>
  <level>END</level>
  <class>com.kms.katalon.core.logging.KeywordLogger</class>
  <method>endKeyword</method>
  <thread>1</thread>
  <message>End action : click</message>
  <nestedLevel>1</nestedLevel>
</record>
<record>
  <date>2018-11-05T11:44:01</date>
  <millis>1541400241301</millis>
  <sequence>115</sequence>
  <level>START</level>
  <class>com.kms.katalon.core.logging.KeywordLogger</class>
  <method>startKeyword</method>
  <thread>1</thread>
  <message>Start action : waitForPageLoad</message>
  <nestedLevel>1</nestedLevel>
  <property name="startLine">35</property>
  <property name="stepIndex">7</property>
</record>
<record>
  <date>2018-11-05T11:44:01</date>
  <millis>1541400241303</millis>
  <sequence>116</sequence>
  <level>INFO</level>
  <class>com.kms.katalon.core.logging.KeywordLogger</class>
  <method>logMessage</method>
  <thread>1</thread>
  <message>Checking timeout</message>
  <nestedLevel>1</nestedLevel>
</record>
<record>
  <date>2018-11-05T11:44:01</date>
  <millis>1541400241312</millis>
  <sequence>117</sequence>
  <level>PASSED</level>
  <class>com.kms.katalon.core.logging.KeywordLogger</class>
  <method>logMessage</method>
  <thread>1</thread>
  <message>Wait for page load successfully</message>
  <nestedLevel>1</nestedLevel>
</record>
<record>
  <date>2018-11-05T11:44:01</date>
  <millis>1541400241313</millis>
  <sequence>118</sequence>
  <level>END</level>
  <class>com.kms.katalon.core.logging.KeywordLogger</class>
  <method>endKeyword</method>
  <thread>1</thread>
  <message>End action : waitForPageLoad</message>
  <nestedLevel>1</nestedLevel>
</record>
<record>
  <date>2018-11-05T11:44:01</date>
  <millis>1541400241314</millis>
  <sequence>119</sequence>
  <level>START</level>
  <class>com.kms.katalon.core.logging.KeywordLogger</class>
  <method>startKeyword</method>
  <thread>1</thread>
  <message>Start action : click</message>
  <nestedLevel>1</nestedLevel>
  <property name="startLine">37</property>
  <property name="stepIndex">8</property>
</record>
<record>
  <date>2018-11-05T11:44:01</date>
  <millis>1541400241314</millis>
  <sequence>120</sequence>
  <level>INFO</level>
  <class>com.kms.katalon.core.logging.KeywordLogger</class>
  <method>logMessage</method>
  <thread>1</thread>
  <message>Finding Test Object with id &amp;apos;Object Repository/TF_Customer_Create/Create_Objects_And_Save/1_Create_Banner/span_Data_Tab&amp;apos;</message>
  <nestedLevel>1</nestedLevel>
</record>
<record>
  <date>2018-11-05T11:44:01</date>
  <millis>1541400241320</millis>
  <sequence>121</sequence>
  <level>INFO</level>
  <class>com.kms.katalon.core.logging.KeywordLogger</class>
  <method>logMessage</method>
  <thread>1</thread>
  <message>Checking object</message>
  <nestedLevel>1</nestedLevel>
</record>
<record>
  <date>2018-11-05T11:44:01</date>
  <millis>1541400241320</millis>
  <sequence>122</sequence>
  <level>INFO</level>
  <class>com.kms.katalon.core.logging.KeywordLogger</class>
  <method>logMessage</method>
  <thread>1</thread>
  <message>Checking timeout</message>
  <nestedLevel>1</nestedLevel>
</record>
<record>
  <date>2018-11-05T11:44:01</date>
  <millis>1541400241321</millis>
  <sequence>123</sequence>
  <level>INFO</level>
  <class>com.kms.katalon.core.logging.KeywordLogger</class>
  <method>logMessage</method>
  <thread>1</thread>
  <message>Finding web element with id: &amp;apos;Object Repository/TF_Customer_Create/Create_Objects_And_Save/1_Create_Banner/span_Data_Tab&amp;apos; located by &amp;apos;By.xpath: //*[@id=\&amp;quot;DATA\&amp;quot;]&amp;apos; in &amp;apos;30&amp;apos; second(s)</message>
  <nestedLevel>1</nestedLevel>
</record>
<record>
  <date>2018-11-05T11:44:01</date>
  <millis>1541400241330</millis>
  <sequence>124</sequence>
  <level>INFO</level>
  <class>com.kms.katalon.core.logging.KeywordLogger</class>
  <method>logMessage</method>
  <thread>1</thread>
  <message>Found 1 web elements with id: &amp;apos;Object Repository/TF_Customer_Create/Create_Objects_And_Save/1_Create_Banner/span_Data_Tab&amp;apos; located by &amp;apos;By.xpath: //*[@id=\&amp;quot;DATA\&amp;quot;]&amp;apos; in &amp;apos;30&amp;apos; second(s)</message>
  <nestedLevel>1</nestedLevel>
</record>
<record>
  <date>2018-11-05T11:44:01</date>
  <millis>1541400241331</millis>
  <sequence>125</sequence>
  <level>INFO</level>
  <class>com.kms.katalon.core.logging.KeywordLogger</class>
  <method>logMessage</method>
  <thread>1</thread>
  <message>Clicking on object: &amp;apos;Object Repository/TF_Customer_Create/Create_Objects_And_Save/1_Create_Banner/span_Data_Tab&amp;apos;</message>
  <nestedLevel>1</nestedLevel>
</record>
<record>
  <date>2018-11-05T11:44:01</date>
  <millis>1541400241549</millis>
  <sequence>126</sequence>
  <level>PASSED</level>
  <class>com.kms.katalon.core.logging.KeywordLogger</class>
  <method>logMessage</method>
  <thread>1</thread>
  <message>Object: &amp;apos;Object Repository/TF_Customer_Create/Create_Objects_And_Save/1_Create_Banner/span_Data_Tab&amp;apos; is clicked on</message>
  <nestedLevel>1</nestedLevel>
</record>
<record>
  <date>2018-11-05T11:44:01</date>
  <millis>1541400241551</millis>
  <sequence>127</sequence>
  <level>END</level>
  <class>com.kms.katalon.core.logging.KeywordLogger</class>
  <method>endKeyword</method>
  <thread>1</thread>
  <message>End action : click</message>
  <nestedLevel>1</nestedLevel>
</record>
<record>
  <date>2018-11-05T11:44:01</date>
  <millis>1541400241552</millis>
  <sequence>128</sequence>
  <level>START</level>
  <class>com.kms.katalon.core.logging.KeywordLogger</class>
  <method>startKeyword</method>
  <thread>1</thread>
  <message>Start action : delay</message>
  <nestedLevel>1</nestedLevel>
  <property name="startLine">39</property>
  <property name="stepIndex">9</property>
</record>
<record>
  <date>2018-11-05T11:44:01</date>
  <millis>1541400241554</millis>
  <sequence>129</sequence>
  <level>INFO</level>
  <class>com.kms.katalon.core.logging.KeywordLogger</class>
  <method>logMessage</method>
  <thread>1</thread>
  <message>Delaying browser in 5 second(s)</message>
  <nestedLevel>1</nestedLevel>
</record>
<record>
  <date>2018-11-05T11:44:06</date>
  <millis>1541400246555</millis>
  <sequence>130</sequence>
  <level>PASSED</level>
  <class>com.kms.katalon.core.logging.KeywordLogger</class>
  <method>logMessage</method>
  <thread>1</thread>
  <message>Delayed 5 second(s)</message>
  <nestedLevel>1</nestedLevel>
</record>
<record>
  <date>2018-11-05T11:44:06</date>
  <millis>1541400246556</millis>
  <sequence>131</sequence>
  <level>END</level>
  <class>com.kms.katalon.core.logging.KeywordLogger</class>
  <method>endKeyword</method>
  <thread>1</thread>
  <message>End action : delay</message>
  <nestedLevel>1</nestedLevel>
</record>
<record>
  <date>2018-11-05T11:44:06</date>
  <millis>1541400246557</millis>
  <sequence>132</sequence>
  <level>START</level>
  <class>com.kms.katalon.core.logging.KeywordLogger</class>
  <method>startKeyword</method>
  <thread>1</thread>
  <message>Start action : click</message>
  <nestedLevel>1</nestedLevel>
  <property name="startLine">41</property>
  <property name="stepIndex">10</property>
</record>
<record>
  <date>2018-11-05T11:44:06</date>
  <millis>1541400246560</millis>
  <sequence>133</sequence>
  <level>NOT_RUN</level>
  <class>com.kms.katalon.core.logging.KeywordLogger</class>
  <method>logMessage</method>
  <thread>1</thread>
  <message>NOT_RUN: click</message>
  <nestedLevel>1</nestedLevel>
</record>
<record>
  <date>2018-11-05T11:44:06</date>
  <millis>1541400246560</millis>
  <sequence>134</sequence>
  <level>END</level>
  <class>com.kms.katalon.core.logging.KeywordLogger</class>
  <method>endKeyword</method>
  <thread>1</thread>
  <message>End action : click</message>
  <nestedLevel>1</nestedLevel>
</record>
<record>
  <date>2018-11-05T11:44:06</date>
  <millis>1541400246561</millis>
  <sequence>135</sequence>
  <level>START</level>
  <class>com.kms.katalon.core.logging.KeywordLogger</class>
  <method>startKeyword</method>
  <thread>1</thread>
  <message>Start action : delay</message>
  <nestedLevel>1</nestedLevel>
  <property name="startLine">43</property>
  <property name="stepIndex">11</property>
</record>
<record>
  <date>2018-11-05T11:44:06</date>
  <millis>1541400246563</millis>
  <sequence>136</sequence>
  <level>NOT_RUN</level>
  <class>com.kms.katalon.core.logging.KeywordLogger</class>
  <method>logMessage</method>
  <thread>1</thread>
  <message>NOT_RUN: delay</message>
  <nestedLevel>1</nestedLevel>
</record>
<record>
  <date>2018-11-05T11:44:06</date>
  <millis>1541400246564</millis>
  <sequence>137</sequence>
  <level>END</level>
  <class>com.kms.katalon.core.logging.KeywordLogger</class>
  <method>endKeyword</method>
  <thread>1</thread>
  <message>End action : delay</message>
  <nestedLevel>1</nestedLevel>
</record>
<record>
  <date>2018-11-05T11:44:06</date>
  <millis>1541400246564</millis>
  <sequence>138</sequence>
  <level>START</level>
  <class>com.kms.katalon.core.logging.KeywordLogger</class>
  <method>startKeyword</method>
  <thread>1</thread>
  <message>Start action : setText</message>
  <nestedLevel>1</nestedLevel>
  <property name="startLine">45</property>
  <property name="stepIndex">12</property>
</record>
<record>
  <date>2018-11-05T11:44:06</date>
  <millis>1541400246565</millis>
  <sequence>139</sequence>
  <level>INFO</level>
  <class>com.kms.katalon.core.logging.KeywordLogger</class>
  <method>logMessage</method>
  <thread>1</thread>
  <message>Finding Test Object with id &amp;apos;Object Repository/TF_Customer_Create/Create_Objects_And_Save/1_Create_Banner/Input_Banner_Name/input__aFDVTC2incDVTC2inc_asse&amp;apos;</message>
  <nestedLevel>1</nestedLevel>
</record>
<record>
  <date>2018-11-05T11:44:06</date>
  <millis>1541400246580</millis>
  <sequence>140</sequence>
  <level>INFO</level>
  <class>com.kms.katalon.core.logging.KeywordLogger</class>
  <method>logMessage</method>
  <thread>1</thread>
  <message>Finding Test Object with id &amp;apos;Object Repository/TF_Customer_Create/Create_Objects_And_Save/1_Create_Banner/Input_Banner_Name/iframe_Data_data&amp;apos;</message>
  <nestedLevel>1</nestedLevel>
</record>
<record>
  <date>2018-11-05T11:44:06</date>
  <millis>1541400246586</millis>
  <sequence>141</sequence>
  <level>INFO</level>
  <class>com.kms.katalon.core.logging.KeywordLogger</class>
  <method>logMessage</method>
  <thread>1</thread>
  <message>Checking object</message>
  <nestedLevel>1</nestedLevel>
</record>
<record>
  <date>2018-11-05T11:44:06</date>
  <millis>1541400246586</millis>
  <sequence>142</sequence>
  <level>INFO</level>
  <class>com.kms.katalon.core.logging.KeywordLogger</class>
  <method>logMessage</method>
  <thread>1</thread>
  <message>Checking text</message>
  <nestedLevel>1</nestedLevel>
</record>
<record>
  <date>2018-11-05T11:44:06</date>
  <millis>1541400246586</millis>
  <sequence>143</sequence>
  <level>INFO</level>
  <class>com.kms.katalon.core.logging.KeywordLogger</class>
  <method>logMessage</method>
  <thread>1</thread>
  <message>Object: &amp;apos;Object Repository/TF_Customer_Create/Create_Objects_And_Save/1_Create_Banner/Input_Banner_Name/input__aFDVTC2incDVTC2inc_asse&amp;apos; has parent object(s)</message>
  <nestedLevel>1</nestedLevel>
</record>
<record>
  <date>2018-11-05T11:44:06</date>
  <millis>1541400246587</millis>
  <sequence>144</sequence>
  <level>INFO</level>
  <class>com.kms.katalon.core.logging.KeywordLogger</class>
  <method>logMessage</method>
  <thread>1</thread>
  <message>Switching to iframe: &amp;apos;Object Repository/TF_Customer_Create/Create_Objects_And_Save/1_Create_Banner/Input_Banner_Name/iframe_Data_data&amp;apos;</message>
  <nestedLevel>1</nestedLevel>
</record>
<record>
  <date>2018-11-05T11:44:06</date>
  <millis>1541400246587</millis>
  <sequence>145</sequence>
  <level>INFO</level>
  <class>com.kms.katalon.core.logging.KeywordLogger</class>
  <method>logMessage</method>
  <thread>1</thread>
  <message>Checking timeout</message>
  <nestedLevel>1</nestedLevel>
</record>
<record>
  <date>2018-11-05T11:44:06</date>
  <millis>1541400246588</millis>
  <sequence>146</sequence>
  <level>INFO</level>
  <class>com.kms.katalon.core.logging.KeywordLogger</class>
  <method>logMessage</method>
  <thread>1</thread>
  <message>Finding web element with id: &amp;apos;Object Repository/TF_Customer_Create/Create_Objects_And_Save/1_Create_Banner/Input_Banner_Name/iframe_Data_data&amp;apos; located by &amp;apos;By.xpath: //iframe[@name = &amp;apos;data&amp;apos; and @src = &amp;apos;https://52.6.78.242:7008/bdd/data.jsf&amp;apos;]&amp;apos; in &amp;apos;30&amp;apos; second(s)</message>
  <nestedLevel>1</nestedLevel>
</record>
<record>
  <date>2018-11-05T11:44:06</date>
  <millis>1541400246596</millis>
  <sequence>147</sequence>
  <level>INFO</level>
  <class>com.kms.katalon.core.logging.KeywordLogger</class>
  <method>logMessage</method>
  <thread>1</thread>
  <message>Found 1 web elements with id: &amp;apos;Object Repository/TF_Customer_Create/Create_Objects_And_Save/1_Create_Banner/Input_Banner_Name/iframe_Data_data&amp;apos; located by &amp;apos;By.xpath: //iframe[@name = &amp;apos;data&amp;apos; and @src = &amp;apos;https://52.6.78.242:7008/bdd/data.jsf&amp;apos;]&amp;apos; in &amp;apos;30&amp;apos; second(s)</message>
  <nestedLevel>1</nestedLevel>
</record>
<record>
  <date>2018-11-05T11:44:06</date>
  <millis>1541400246627</millis>
  <sequence>148</sequence>
  <level>INFO</level>
  <class>com.kms.katalon.core.logging.KeywordLogger</class>
  <method>logMessage</method>
  <thread>1</thread>
  <message>Switched to iframe: &amp;apos;Object Repository/TF_Customer_Create/Create_Objects_And_Save/1_Create_Banner/Input_Banner_Name/iframe_Data_data&amp;apos;</message>
  <nestedLevel>1</nestedLevel>
</record>
<record>
  <date>2018-11-05T11:44:06</date>
  <millis>1541400246627</millis>
  <sequence>149</sequence>
  <level>INFO</level>
  <class>com.kms.katalon.core.logging.KeywordLogger</class>
  <method>logMessage</method>
  <thread>1</thread>
  <message>Checking timeout</message>
  <nestedLevel>1</nestedLevel>
</record>
<record>
  <date>2018-11-05T11:44:06</date>
  <millis>1541400246628</millis>
  <sequence>150</sequence>
  <level>INFO</level>
  <class>com.kms.katalon.core.logging.KeywordLogger</class>
  <method>logMessage</method>
  <thread>1</thread>
  <message>Finding web element with id: &amp;apos;Object Repository/TF_Customer_Create/Create_Objects_And_Save/1_Create_Banner/Input_Banner_Name/input__aFDVTC2incDVTC2inc_asse&amp;apos; located by &amp;apos;By.xpath: //input[@id = &amp;apos;aF:DVTC2:incDVTC2:inc_asset:inc_view:dv_GEDVB2_1:coreGEDVB2_1:inccorerowCPLR2:incBPC3:tfsfxBPC3&amp;apos; and @type = &amp;apos;text&amp;apos; and @name = &amp;apos;aF:DVTC2:incDVTC2:inc_asset:inc_view:dv_GEDVB2_1:coreGEDVB2_1:inccorerowCPLR2:incBPC3:tfsfxBPC3&amp;apos;]&amp;apos; in &amp;apos;30&amp;apos; second(s)</message>
  <nestedLevel>1</nestedLevel>
</record>
<record>
  <date>2018-11-05T11:44:08</date>
  <millis>1541400248698</millis>
  <sequence>151</sequence>
  <level>INFO</level>
  <class>com.kms.katalon.core.logging.KeywordLogger</class>
  <method>logMessage</method>
  <thread>1</thread>
  <message>Found 1 web elements with id: &amp;apos;Object Repository/TF_Customer_Create/Create_Objects_And_Save/1_Create_Banner/Input_Banner_Name/input__aFDVTC2incDVTC2inc_asse&amp;apos; located by &amp;apos;By.xpath: //input[@id = &amp;apos;aF:DVTC2:incDVTC2:inc_asset:inc_view:dv_GEDVB2_1:coreGEDVB2_1:inccorerowCPLR2:incBPC3:tfsfxBPC3&amp;apos; and @type = &amp;apos;text&amp;apos; and @name = &amp;apos;aF:DVTC2:incDVTC2:inc_asset:inc_view:dv_GEDVB2_1:coreGEDVB2_1:inccorerowCPLR2:incBPC3:tfsfxBPC3&amp;apos;]&amp;apos; in &amp;apos;30&amp;apos; second(s)</message>
  <nestedLevel>1</nestedLevel>
</record>
<record>
  <date>2018-11-05T11:44:08</date>
  <millis>1541400248699</millis>
  <sequence>152</sequence>
  <level>INFO</level>
  <class>com.kms.katalon.core.logging.KeywordLogger</class>
  <method>logMessage</method>
  <thread>1</thread>
  <message>Clearing text of object &amp;apos;Object Repository/TF_Customer_Create/Create_Objects_And_Save/1_Create_Banner/Input_Banner_Name/input__aFDVTC2incDVTC2inc_asse&amp;apos;</message>
  <nestedLevel>1</nestedLevel>
</record>
<record>
  <date>2018-11-05T11:44:08</date>
  <millis>1541400248722</millis>
  <sequence>153</sequence>
  <level>INFO</level>
  <class>com.kms.katalon.core.logging.KeywordLogger</class>
  <method>logMessage</method>
  <thread>1</thread>
  <message>Switching to default content</message>
  <nestedLevel>1</nestedLevel>
</record>
<record>
  <date>2018-11-05T11:44:08</date>
  <millis>1541400248840</millis>
  <sequence>154</sequence>
  <level>FAILED</level>
  <class>com.kms.katalon.core.logging.KeywordLogger</class>
  <method>logMessage</method>
  <thread>1</thread>
  <message>Unable to set text &amp;apos;Banner_Test_36&amp;apos; of object &amp;apos;Object Repository/TF_Customer_Create/Create_Objects_And_Save/1_Create_Banner/Input_Banner_Name/input__aFDVTC2incDVTC2inc_asse&amp;apos; (Root cause: org.openqa.selenium.ElementNotInteractableException: Element &amp;lt;input id=\&amp;quot;aF:DVTC2:incDVTC2:inc_asset:inc_view:dv_GEDVB2_1:coreGEDVB2_1:inccorerowCPLR2:incBPC3:tfsfxBPC3\&amp;quot; class=\&amp;quot;\&amp;quot; name=\&amp;quot;aF:DVTC2:incDVTC2:inc_asset:inc_view:dv_GEDVB2_1:coreGEDVB2_1:inccorerowCPLR2:incBPC3:tfsfxBPC3\&amp;quot; type=\&amp;quot;text\&amp;quot;&amp;gt; could not be scrolled into view\nBuild info: version: &amp;apos;3.7.1&amp;apos;, revision: &amp;apos;8a0099a&amp;apos;, time: &amp;apos;2017-11-06T21:07:36.161Z&amp;apos;\nSystem info: host: &amp;apos;JUNAID&amp;apos;, ip: &amp;apos;200.199.80.62&amp;apos;, os.name: &amp;apos;Windows 7&amp;apos;, os.arch: &amp;apos;amd64&amp;apos;, os.version: &amp;apos;6.1&amp;apos;, java.version: &amp;apos;1.8.0_181&amp;apos;\nDriver info: com.kms.katalon.core.webui.driver.firefox.CGeckoDriver\nCapabilities {acceptInsecureCerts: true, browserName: firefox, browserVersion: 59.0.2, javascriptEnabled: true, moz:accessibilityChecks: false, moz:geckodriverVersion: 0.23.0, moz:headless: false, moz:processID: 9152, moz:profile: C:\\Users\\junaid.tariq\\AppDa..., moz:useNonSpecCompliantPointerOrigin: false, moz:webdriverClick: true, pageLoadStrategy: normal, platform: XP, platformName: XP, platformVersion: 6.1, proxy: Proxy(direct), rotatable: false, timeouts: {implicit: 0, pageLoad: 300000, script: 30000}}\nSession ID: 11183e5a-e58b-4253-a087-f9e516660aba)</message>
  <nestedLevel>1</nestedLevel>
  <property name="attachment">1541400248749.png</property>
</record>
<record>
  <date>2018-11-05T11:44:08</date>
  <millis>1541400248841</millis>
  <sequence>155</sequence>
  <level>END</level>
  <class>com.kms.katalon.core.logging.KeywordLogger</class>
  <method>endKeyword</method>
  <thread>1</thread>
  <message>End action : setText</message>
  <nestedLevel>1</nestedLevel>
</record>
<record>
  <date>2018-11-05T11:44:08</date>
  <millis>1541400248842</millis>
  <sequence>156</sequence>
  <logger>com.kms.katalon.core.logging.KeywordLogger</logger>
  <level>FAILED</level>
  <class>com.kms.katalon.core.logging.KeywordLogger</class>
  <method>logMessage</method>
  <thread>1</thread>
  <message>Test Cases/Regression_TF_Customer/TC_1_Create_Banner FAILED because (of) (Stack trace: com.kms.katalon.core.exception.StepFailedException: Unable to set text &amp;apos;Banner_Test_36&amp;apos; of object &amp;apos;Object Repository/TF_Customer_Create/Create_Objects_And_Save/1_Create_Banner/Input_Banner_Name/input__aFDVTC2incDVTC2inc_asse&amp;apos; (Root cause: org.openqa.selenium.ElementNotInteractableException: Element &amp;lt;input id=\&amp;quot;aF:DVTC2:incDVTC2:inc_asset:inc_view:dv_GEDVB2_1:coreGEDVB2_1:inccorerowCPLR2:incBPC3:tfsfxBPC3\&amp;quot; class=\&amp;quot;\&amp;quot; name=\&amp;quot;aF:DVTC2:incDVTC2:inc_asset:inc_view:dv_GEDVB2_1:coreGEDVB2_1:inccorerowCPLR2:incBPC3:tfsfxBPC3\&amp;quot; type=\&amp;quot;text\&amp;quot;&amp;gt; could not be scrolled into view\nBuild info: version: &amp;apos;3.7.1&amp;apos;, revision: &amp;apos;8a0099a&amp;apos;, time: &amp;apos;2017-11-06T21:07:36.161Z&amp;apos;\nSystem info: host: &amp;apos;JUNAID&amp;apos;, ip: &amp;apos;200.199.80.62&amp;apos;, os.name: &amp;apos;Windows 7&amp;apos;, os.arch: &amp;apos;amd64&amp;apos;, os.version: &amp;apos;6.1&amp;apos;, java.version: &amp;apos;1.8.0_181&amp;apos;\nDriver info: com.kms.katalon.core.webui.driver.firefox.CGeckoDriver\nCapabilities {acceptInsecureCerts: true, browserName: firefox, browserVersion: 59.0.2, javascriptEnabled: true, moz:accessibilityChecks: false, moz:geckodriverVersion: 0.23.0, moz:headless: false, moz:processID: 9152, moz:profile: C:\\Users\\junaid.tariq\\AppDa..., moz:useNonSpecCompliantPointerOrigin: false, moz:webdriverClick: true, pageLoadStrategy: normal, platform: XP, platformName: XP, platformVersion: 6.1, proxy: Proxy(direct), rotatable: false, timeouts: {implicit: 0, pageLoad: 300000, script: 30000}}\nSession ID: 11183e5a-e58b-4253-a087-f9e516660aba)\r\n\tat com.kms.katalon.core.keyword.internal.KeywordMain.stepFailed(KeywordMain.groovy:36)\r\n\tat com.kms.katalon.core.webui.keyword.internal.WebUIKeywordMain.stepFailed(WebUIKeywordMain.groovy:65)\r\n\tat com.kms.katalon.core.webui.keyword.internal.WebUIKeywordMain.runKeyword(WebUIKeywordMain.groovy:27)\r\n\tat com.kms.katalon.core.webui.keyword.builtin.SetTextKeyword.setText(SetTextKeyword.groovy:65)\r\n\tat com.kms.katalon.core.webui.keyword.builtin.SetTextKeyword.execute(SetTextKeyword.groovy:37)\r\n\tat com.kms.katalon.core.keyword.internal.KeywordExecutor.executeKeywordForPlatform(KeywordExecutor.groovy:53)\r\n\tat com.kms.katalon.core.webui.keyword.WebUiBuiltInKeywords.setText(WebUiBuiltInKeywords.groovy:950)\r\n\tat com.kms.katalon.core.webui.keyword.WebUiBuiltInKeywords$setText$3.call(Unknown Source)\r\n\tat org.codehaus.groovy.runtime.callsite.CallSiteArray.defaultCall(CallSiteArray.java:48)\r\n\tat org.codehaus.groovy.runtime.callsite.AbstractCallSite.call(AbstractCallSite.java:113)\r\n\tat org.codehaus.groovy.runtime.callsite.AbstractCallSite.call(AbstractCallSite.java:133)\r\n\tat Script1540912045214.run(Script1540912045214.groovy:45)\r\n\tat com.kms.katalon.core.main.ScriptEngine.run(ScriptEngine.java:183)\r\n\tat com.kms.katalon.core.main.ScriptEngine.runScriptAsRawText(ScriptEngine.java:108)\r\n\tat com.kms.katalon.core.main.TestCaseExecutor.runScript(TestCaseExecutor.java:294)\r\n\tat com.kms.katalon.core.main.TestCaseExecutor.doExecute(TestCaseExecutor.java:285)\r\n\tat com.kms.katalon.core.main.TestCaseExecutor.processExecutionPhase(TestCaseExecutor.java:264)\r\n\tat com.kms.katalon.core.main.TestCaseExecutor.accessMainPhase(TestCaseExecutor.java:256)\r\n\tat com.kms.katalon.core.main.TestCaseExecutor.execute(TestCaseExecutor.java:200)\r\n\tat com.kms.katalon.core.main.TestSuiteExecutor.accessTestCaseMainPhase(TestSuiteExecutor.java:129)\r\n\tat com.kms.katalon.core.main.TestSuiteExecutor.accessTestSuiteMainPhase(TestSuiteExecutor.java:112)\r\n\tat com.kms.katalon.core.main.TestSuiteExecutor.execute(TestSuiteExecutor.java:81)\r\n\tat com.kms.katalon.core.main.TestCaseMain.startTestSuite(TestCaseMain.java:142)\r\n\tat com.kms.katalon.core.main.TestCaseMain$startTestSuite$0.call(Unknown Source)\r\n\tat org.codehaus.groovy.runtime.callsite.CallSiteArray.defaultCall(CallSiteArray.java:48)\r\n\tat org.codehaus.groovy.runtime.callsite.AbstractCallSite.call(AbstractCallSite.java:113)\r\n\tat org.codehaus.groovy.runtime.callsite.AbstractCallSite.call(AbstractCallSite.java:141)\r\n\tat TempTestSuite1541400213420.run(TempTestSuite1541400213420.groovy:36)\r\n\tat groovy.lang.GroovyShell.runScriptOrMainOrTestOrRunnable(GroovyShell.java:263)\r\n\tat groovy.lang.GroovyShell.run(GroovyShell.java:518)\r\n\tat groovy.lang.GroovyShell.run(GroovyShell.java:507)\r\n\tat groovy.ui.GroovyMain.processOnce(GroovyMain.java:653)\r\n\tat groovy.ui.GroovyMain.run(GroovyMain.java:384)\r\n\tat groovy.ui.GroovyMain.process(GroovyMain.java:370)\r\n\tat groovy.ui.GroovyMain.processArgs(GroovyMain.java:129)\r\n\tat groovy.ui.GroovyMain.main(GroovyMain.java:109)\r\n\tat sun.reflect.NativeMethodAccessorImpl.invoke0(Native Method)\r\n\tat sun.reflect.NativeMethodAccessorImpl.invoke(NativeMethodAccessorImpl.java:62)\r\n\tat sun.reflect.DelegatingMethodAccessorImpl.invoke(DelegatingMethodAccessorImpl.java:43)\r\n\tat java.lang.reflect.Method.invoke(Method.java:498)\r\n\tat org.codehaus.groovy.tools.GroovyStarter.rootLoader(GroovyStarter.java:109)\r\n\tat org.codehaus.groovy.tools.GroovyStarter.main(GroovyStarter.java:131)\r\n)</message>
  <exception>
    <message>com.kms.katalon.core.exception.StepFailedException: Unable to set text 'Banner_Test_36' of object 'Object Repository/TF_Customer_Create/Create_Objects_And_Save/1_Create_Banner/Input_Banner_Name/input__aFDVTC2incDVTC2inc_asse' (Root cause: org.openqa.selenium.ElementNotInteractableException: Element &lt;input id="aF:DVTC2:incDVTC2:inc_asset:inc_view:dv_GEDVB2_1:coreGEDVB2_1:inccorerowCPLR2:incBPC3:tfsfxBPC3" class="" name="aF:DVTC2:incDVTC2:inc_asset:inc_view:dv_GEDVB2_1:coreGEDVB2_1:inccorerowCPLR2:incBPC3:tfsfxBPC3" type="text"&gt; could not be scrolled into view
Build info: version: '3.7.1', revision: '8a0099a', time: '2017-11-06T21:07:36.161Z'
System info: host: 'JUNAID', ip: '200.199.80.62', os.name: 'Windows 7', os.arch: 'amd64', os.version: '6.1', java.version: '1.8.0_181'
Driver info: com.kms.katalon.core.webui.driver.firefox.CGeckoDriver
Capabilities {acceptInsecureCerts: true, browserName: firefox, browserVersion: 59.0.2, javascriptEnabled: true, moz:accessibilityChecks: false, moz:geckodriverVersion: 0.23.0, moz:headless: false, moz:processID: 9152, moz:profile: C:\Users\junaid.tariq\AppDa..., moz:useNonSpecCompliantPointerOrigin: false, moz:webdriverClick: true, pageLoadStrategy: normal, platform: XP, platformName: XP, platformVersion: 6.1, proxy: Proxy(direct), rotatable: false, timeouts: {implicit: 0, pageLoad: 300000, script: 30000}}
Session ID: 11183e5a-e58b-4253-a087-f9e516660aba)</message>
    <frame>
      <class>com.kms.katalon.core.keyword.internal.KeywordMain</class>
      <method>stepFailed</method>
      <line>36</line>
    </frame>
    <frame>
      <class>com.kms.katalon.core.webui.keyword.internal.WebUIKeywordMain</class>
      <method>stepFailed</method>
      <line>65</line>
    </frame>
    <frame>
      <class>com.kms.katalon.core.webui.keyword.internal.WebUIKeywordMain</class>
      <method>runKeyword</method>
      <line>27</line>
    </frame>
    <frame>
      <class>com.kms.katalon.core.webui.keyword.builtin.SetTextKeyword</class>
      <method>setText</method>
      <line>65</line>
    </frame>
    <frame>
      <class>com.kms.katalon.core.webui.keyword.builtin.SetTextKeyword</class>
      <method>execute</method>
      <line>37</line>
    </frame>
    <frame>
      <class>com.kms.katalon.core.keyword.internal.KeywordExecutor</class>
      <method>executeKeywordForPlatform</method>
      <line>53</line>
    </frame>
    <frame>
      <class>com.kms.katalon.core.webui.keyword.WebUiBuiltInKeywords</class>
      <method>setText</method>
      <line>950</line>
    </frame>
    <frame>
      <class>com.kms.katalon.core.webui.keyword.WebUiBuiltInKeywords$setText$3</class>
      <method>call</method>
    </frame>
    <frame>
      <class>org.codehaus.groovy.runtime.callsite.CallSiteArray</class>
      <method>defaultCall</method>
      <line>48</line>
    </frame>
    <frame>
      <class>org.codehaus.groovy.runtime.callsite.AbstractCallSite</class>
      <method>call</method>
      <line>113</line>
    </frame>
    <frame>
      <class>org.codehaus.groovy.runtime.callsite.AbstractCallSite</class>
      <method>call</method>
      <line>133</line>
    </frame>
    <frame>
      <class>Script1540912045214</class>
      <method>run</method>
      <line>45</line>
    </frame>
    <frame>
      <class>com.kms.katalon.core.main.ScriptEngine</class>
      <method>run</method>
      <line>183</line>
    </frame>
    <frame>
      <class>com.kms.katalon.core.main.ScriptEngine</class>
      <method>runScriptAsRawText</method>
      <line>108</line>
    </frame>
    <frame>
      <class>com.kms.katalon.core.main.TestCaseExecutor</class>
      <method>runScript</method>
      <line>294</line>
    </frame>
    <frame>
      <class>com.kms.katalon.core.main.TestCaseExecutor</class>
      <method>doExecute</method>
      <line>285</line>
    </frame>
    <frame>
      <class>com.kms.katalon.core.main.TestCaseExecutor</class>
      <method>processExecutionPhase</method>
      <line>264</line>
    </frame>
    <frame>
      <class>com.kms.katalon.core.main.TestCaseExecutor</class>
      <method>accessMainPhase</method>
      <line>256</line>
    </frame>
    <frame>
      <class>com.kms.katalon.core.main.TestCaseExecutor</class>
      <method>execute</method>
      <line>200</line>
    </frame>
    <frame>
      <class>com.kms.katalon.core.main.TestSuiteExecutor</class>
      <method>accessTestCaseMainPhase</method>
      <line>129</line>
    </frame>
    <frame>
      <class>com.kms.katalon.core.main.TestSuiteExecutor</class>
      <method>accessTestSuiteMainPhase</method>
      <line>112</line>
    </frame>
    <frame>
      <class>com.kms.katalon.core.main.TestSuiteExecutor</class>
      <method>execute</method>
      <line>81</line>
    </frame>
    <frame>
      <class>com.kms.katalon.core.main.TestCaseMain</class>
      <method>startTestSuite</method>
      <line>142</line>
    </frame>
    <frame>
      <class>com.kms.katalon.core.main.TestCaseMain$startTestSuite$0</class>
      <method>call</method>
    </frame>
    <frame>
      <class>org.codehaus.groovy.runtime.callsite.CallSiteArray</class>
      <method>defaultCall</method>
      <line>48</line>
    </frame>
    <frame>
      <class>org.codehaus.groovy.runtime.callsite.AbstractCallSite</class>
      <method>call</method>
      <line>113</line>
    </frame>
    <frame>
      <class>org.codehaus.groovy.runtime.callsite.AbstractCallSite</class>
      <method>call</method>
      <line>141</line>
    </frame>
    <frame>
      <class>TempTestSuite1541400213420</class>
      <method>run</method>
      <line>36</line>
    </frame>
    <frame>
      <class>groovy.lang.GroovyShell</class>
      <method>runScriptOrMainOrTestOrRunnable</method>
      <line>263</line>
    </frame>
    <frame>
      <class>groovy.lang.GroovyShell</class>
      <method>run</method>
      <line>518</line>
    </frame>
    <frame>
      <class>groovy.lang.GroovyShell</class>
      <method>run</method>
      <line>507</line>
    </frame>
    <frame>
      <class>groovy.ui.GroovyMain</class>
      <method>processOnce</method>
      <line>653</line>
    </frame>
    <frame>
      <class>groovy.ui.GroovyMain</class>
      <method>run</method>
      <line>384</line>
    </frame>
    <frame>
      <class>groovy.ui.GroovyMain</class>
      <method>process</method>
      <line>370</line>
    </frame>
    <frame>
      <class>groovy.ui.GroovyMain</class>
      <method>processArgs</method>
      <line>129</line>
    </frame>
    <frame>
      <class>groovy.ui.GroovyMain</class>
      <method>main</method>
      <line>109</line>
    </frame>
    <frame>
      <class>sun.reflect.NativeMethodAccessorImpl</class>
      <method>invoke0</method>
    </frame>
    <frame>
      <class>sun.reflect.NativeMethodAccessorImpl</class>
      <method>invoke</method>
      <line>62</line>
    </frame>
    <frame>
      <class>sun.reflect.DelegatingMethodAccessorImpl</class>
      <method>invoke</method>
      <line>43</line>
    </frame>
    <frame>
      <class>java.lang.reflect.Method</class>
      <method>invoke</method>
      <line>498</line>
    </frame>
    <frame>
      <class>org.codehaus.groovy.tools.GroovyStarter</class>
      <method>rootLoader</method>
      <line>109</line>
    </frame>
    <frame>
      <class>org.codehaus.groovy.tools.GroovyStarter</class>
      <method>main</method>
      <line>131</line>
    </frame>
  </exception>
  <nestedLevel>0</nestedLevel>
</record>
<record>
  <date>2018-11-05T11:44:08</date>
  <millis>1541400248846</millis>
  <sequence>157</sequence>
  <level>END</level>
  <class>com.kms.katalon.core.logging.KeywordLogger</class>
  <method>endTest</method>
  <thread>1</thread>
  <message>End Test Case : Test Cases/Regression_TF_Customer/TC_1_Create_Banner</message>
  <nestedLevel>0</nestedLevel>
</record>
<record>
  <date>2018-11-05T11:44:08</date>
  <millis>1541400248847</millis>
  <sequence>158</sequence>
  <level>END</level>
  <class>com.kms.katalon.core.logging.KeywordLogger</class>
  <method>endSuite</method>
  <thread>1</thread>
  <message>End Test Suite : Test Suites/Smoke_TF_Customer</message>
  <nestedLevel>0</nestedLevel>
</record>
</log>
